[0.335s] Invoking command in '/home/kamil/dev_ws/src/src/dwornik_matysek/lab1': PYTHONPATH=/home/kamil/dev_ws/src/src/dwornik_matysek/install/lab1/lib/python3.8/site-packages:${PYTHONPATH} /usr/bin/python3 setup.py egg_info --egg-base ../build/lab1 build --build-base /home/kamil/dev_ws/src/src/dwornik_matysek/build/lab1/build install --prefix /home/kamil/dev_ws/src/src/dwornik_matysek/install/lab1 --record /home/kamil/dev_ws/src/src/dwornik_matysek/build/lab1/install.log --single-version-externally-managed
[0.640s] running egg_info
[0.641s] writing ../build/lab1/lab1.egg-info/PKG-INFO
[0.641s] writing dependency_links to ../build/lab1/lab1.egg-info/dependency_links.txt
[0.642s] writing entry points to ../build/lab1/lab1.egg-info/entry_points.txt
[0.642s] writing requirements to ../build/lab1/lab1.egg-info/requires.txt
[0.642s] writing top-level names to ../build/lab1/lab1.egg-info/top_level.txt
[0.691s] reading manifest file '../build/lab1/lab1.egg-info/SOURCES.txt'
[0.693s] writing manifest file '../build/lab1/lab1.egg-info/SOURCES.txt'
[0.693s] running build
[0.693s] running build_py
[0.693s] copying lab1/publisher.py -> /home/kamil/dev_ws/src/src/dwornik_matysek/build/lab1/build/lib/lab1
[0.693s] running install
[0.694s] running install_lib
[0.696s] copying /home/kamil/dev_ws/src/src/dwornik_matysek/build/lab1/build/lib/lab1/publisher.py -> /home/kamil/dev_ws/src/src/dwornik_matysek/install/lab1/lib/python3.8/site-packages/lab1
[0.696s] byte-compiling /home/kamil/dev_ws/src/src/dwornik_matysek/install/lab1/lib/python3.8/site-packages/lab1/publisher.py to publisher.cpython-38.pyc
[0.698s] running install_data
[0.698s] Sorry: IndentationError: unexpected unindent (publisher.py, line 27)
[0.698s] running install_egg_info
[0.701s] removing '/home/kamil/dev_ws/src/src/dwornik_matysek/install/lab1/lib/python3.8/site-packages/lab1-0.0.0-py3.8.egg-info' (and everything under it)
[0.701s] Copying ../build/lab1/lab1.egg-info to /home/kamil/dev_ws/src/src/dwornik_matysek/install/lab1/lib/python3.8/site-packages/lab1-0.0.0-py3.8.egg-info
[0.702s] running install_scripts
[0.724s] Installing publisher script to /home/kamil/dev_ws/src/src/dwornik_matysek/install/lab1/lib/lab1
[0.725s] writing list of installed files to '/home/kamil/dev_ws/src/src/dwornik_matysek/build/lab1/install.log'
[0.755s] Invoked command in '/home/kamil/dev_ws/src/src/dwornik_matysek/lab1' returned '0': PYTHONPATH=/home/kamil/dev_ws/src/src/dwornik_matysek/install/lab1/lib/python3.8/site-packages:${PYTHONPATH} /usr/bin/python3 setup.py egg_info --egg-base ../build/lab1 build --build-base /home/kamil/dev_ws/src/src/dwornik_matysek/build/lab1/build install --prefix /home/kamil/dev_ws/src/src/dwornik_matysek/install/lab1 --record /home/kamil/dev_ws/src/src/dwornik_matysek/build/lab1/install.log --single-version-externally-managed
