[0.337s] Invoking command in '/home/kamil/dev_ws/src/src/dwornik_matysek/lab1': PYTHONPATH=/home/kamil/dev_ws/src/src/dwornik_matysek/install/lab1/lib/python3.8/site-packages:${PYTHONPATH} /usr/bin/python3 setup.py egg_info --egg-base ../build/lab1 build --build-base /home/kamil/dev_ws/src/src/dwornik_matysek/build/lab1/build install --prefix /home/kamil/dev_ws/src/src/dwornik_matysek/install/lab1 --record /home/kamil/dev_ws/src/src/dwornik_matysek/build/lab1/install.log --single-version-externally-managed
[0.615s] running egg_info
[0.616s] writing ../build/lab1/lab1.egg-info/PKG-INFO
[0.616s] writing dependency_links to ../build/lab1/lab1.egg-info/dependency_links.txt
[0.616s] writing entry points to ../build/lab1/lab1.egg-info/entry_points.txt
[0.617s] writing requirements to ../build/lab1/lab1.egg-info/requires.txt
[0.617s] writing top-level names to ../build/lab1/lab1.egg-info/top_level.txt
[0.662s] reading manifest file '../build/lab1/lab1.egg-info/SOURCES.txt'
[0.663s] writing manifest file '../build/lab1/lab1.egg-info/SOURCES.txt'
[0.663s] running build
[0.663s] running build_py
[0.663s] copying lab1/publisher.py -> /home/kamil/dev_ws/src/src/dwornik_matysek/build/lab1/build/lib/lab1
[0.663s] running install
[0.664s] running install_lib
[0.665s] copying /home/kamil/dev_ws/src/src/dwornik_matysek/build/lab1/build/lib/lab1/publisher.py -> /home/kamil/dev_ws/src/src/dwornik_matysek/install/lab1/lib/python3.8/site-packages/lab1
[0.666s] byte-compiling /home/kamil/dev_ws/src/src/dwornik_matysek/install/lab1/lib/python3.8/site-packages/lab1/publisher.py to publisher.cpython-38.pyc
[0.668s] running install_data
[0.669s] running install_egg_info
[0.670s] removing '/home/kamil/dev_ws/src/src/dwornik_matysek/install/lab1/lib/python3.8/site-packages/lab1-0.0.0-py3.8.egg-info' (and everything under it)
[0.671s] Copying ../build/lab1/lab1.egg-info to /home/kamil/dev_ws/src/src/dwornik_matysek/install/lab1/lib/python3.8/site-packages/lab1-0.0.0-py3.8.egg-info
[0.672s] running install_scripts
[0.691s] Installing publisher script to /home/kamil/dev_ws/src/src/dwornik_matysek/install/lab1/lib/lab1
[0.692s] writing list of installed files to '/home/kamil/dev_ws/src/src/dwornik_matysek/build/lab1/install.log'
[0.722s] Invoked command in '/home/kamil/dev_ws/src/src/dwornik_matysek/lab1' returned '0': PYTHONPATH=/home/kamil/dev_ws/src/src/dwornik_matysek/install/lab1/lib/python3.8/site-packages:${PYTHONPATH} /usr/bin/python3 setup.py egg_info --egg-base ../build/lab1 build --build-base /home/kamil/dev_ws/src/src/dwornik_matysek/build/lab1/build install --prefix /home/kamil/dev_ws/src/src/dwornik_matysek/install/lab1 --record /home/kamil/dev_ws/src/src/dwornik_matysek/build/lab1/install.log --single-version-externally-managed
