[0.191s] DEBUG:colcon:Command line arguments: ['/usr/bin/colcon', 'build']
[0.192s] DEBUG:colcon:Parsed command line arguments: Namespace(ament_cmake_args=None, base_paths=['.'], build_base='build', catkin_cmake_args=None, catkin_skip_building_tests=False, cmake_args=None, cmake_clean_cache=False, cmake_clean_first=False, cmake_force_configure=False, cmake_target=None, cmake_target_skip_unavailable=False, continue_on_error=False, event_handlers=None, executor='parallel', ignore_user_meta=False, install_base='install', log_base=None, log_level=None, main=<bound method BuildVerb.main of <colcon_core.verb.build.BuildVerb object at 0x7fe944373550>>, merge_install=False, metas=['./colcon.meta'], packages_above=None, packages_above_and_dependencies=None, packages_above_depth=None, packages_end=None, packages_ignore=None, packages_ignore_regex=None, packages_select=None, packages_select_build_failed=False, packages_select_by_dep=None, packages_select_regex=None, packages_select_test_failures=False, packages_skip=None, packages_skip_build_finished=False, packages_skip_by_dep=None, packages_skip_regex=None, packages_skip_test_passed=False, packages_skip_up_to=None, packages_start=None, packages_up_to=None, packages_up_to_regex=None, parallel_workers=8, paths=None, symlink_install=False, test_result_base=None, verb_extension=<colcon_core.verb.build.BuildVerb object at 0x7fe944373550>, verb_name='build', verb_parser=<colcon_defaults.argument_parser.defaults.DefaultArgumentsDecorator object at 0x7fe944373a90>)
[0.198s] Level 1:colcon.colcon_core.package_discovery:discover_packages(colcon_meta) check parameters
[0.199s] Level 1:colcon.colcon_core.package_discovery:discover_packages(recursive) check parameters
[0.199s] Level 1:colcon.colcon_core.package_discovery:discover_packages(ignore) check parameters
[0.199s] Level 1:colcon.colcon_core.package_discovery:discover_packages(path) check parameters
[0.199s] Level 1:colcon.colcon_core.package_discovery:discover_packages(colcon_meta) discover
[0.199s] Level 1:colcon.colcon_core.package_discovery:discover_packages(recursive) discover
[0.199s] INFO:colcon.colcon_core.package_discovery:Crawling recursively for packages in '/home/kamil/dev_ws/src/src/dwornik_matysek'
[0.199s] Level 1:colcon.colcon_core.package_identification:_identify(.) by extensions ['ignore', 'ignore_ament_install']
[0.199s] Level 1:colcon.colcon_core.package_identification:_identify(.) by extension 'ignore'
[0.199s] Level 1:colcon.colcon_core.package_identification:_identify(.) by extension 'ignore_ament_install'
[0.199s] Level 1:colcon.colcon_core.package_identification:_identify(.) by extensions ['colcon_pkg']
[0.199s] Level 1:colcon.colcon_core.package_identification:_identify(.) by extension 'colcon_pkg'
[0.199s] Level 1:colcon.colcon_core.package_identification:_identify(.) by extensions ['colcon_meta']
[0.199s] Level 1:colcon.colcon_core.package_identification:_identify(.) by extension 'colcon_meta'
[0.200s] Level 1:colcon.colcon_core.package_identification:_identify(.) by extensions ['ros']
[0.200s] Level 1:colcon.colcon_core.package_identification:_identify(.) by extension 'ros'
[0.214s] Level 1:colcon.colcon_core.package_identification:_identify(.) by extensions ['cmake', 'python']
[0.214s] Level 1:colcon.colcon_core.package_identification:_identify(.) by extension 'cmake'
[0.214s] Level 1:colcon.colcon_core.package_identification:_identify(.) by extension 'python'
[0.214s] Level 1:colcon.colcon_core.package_identification:_identify(.) by extensions ['python_setup_py']
[0.214s] Level 1:colcon.colcon_core.package_identification:_identify(.) by extension 'python_setup_py'
[0.214s] Level 1:colcon.colcon_core.package_identification:_identify(build) by extensions ['ignore', 'ignore_ament_install']
[0.214s] Level 1:colcon.colcon_core.package_identification:_identify(build) by extension 'ignore'
[0.214s] Level 1:colcon.colcon_core.package_identification:_identify(build) ignored
[0.214s] Level 1:colcon.colcon_core.package_identification:_identify(install) by extensions ['ignore', 'ignore_ament_install']
[0.214s] Level 1:colcon.colcon_core.package_identification:_identify(install) by extension 'ignore'
[0.215s] Level 1:colcon.colcon_core.package_identification:_identify(install) ignored
[0.215s] Level 1:colcon.colcon_core.package_identification:_identify(lab1) by extensions ['ignore', 'ignore_ament_install']
[0.215s] Level 1:colcon.colcon_core.package_identification:_identify(lab1) by extension 'ignore'
[0.215s] Level 1:colcon.colcon_core.package_identification:_identify(lab1) by extension 'ignore_ament_install'
[0.215s] Level 1:colcon.colcon_core.package_identification:_identify(lab1) by extensions ['colcon_pkg']
[0.215s] Level 1:colcon.colcon_core.package_identification:_identify(lab1) by extension 'colcon_pkg'
[0.215s] Level 1:colcon.colcon_core.package_identification:_identify(lab1) by extensions ['colcon_meta']
[0.215s] Level 1:colcon.colcon_core.package_identification:_identify(lab1) by extension 'colcon_meta'
[0.215s] Level 1:colcon.colcon_core.package_identification:_identify(lab1) by extensions ['ros']
[0.215s] Level 1:colcon.colcon_core.package_identification:_identify(lab1) by extension 'ros'
[0.218s] DEBUG:colcon.colcon_core.package_identification:Found ROS schema reference in package manifest in 'lab1'
[0.218s] WARNING:colcon.colcon_core.package_identification:Failed to parse ROS package manifest in 'lab1': Error(s) in package 'lab1/package.xml':
The package "lab1" must not "exec_depend" on a package with the same name as this package
[0.218s] Level 1:colcon.colcon_core.package_identification:_identify(lab1) by extensions ['cmake', 'python']
[0.218s] Level 1:colcon.colcon_core.package_identification:_identify(lab1) by extension 'cmake'
[0.219s] Level 1:colcon.colcon_core.package_identification:_identify(lab1) by extension 'python'
[0.219s] DEBUG:colcon.colcon_core.package_identification:Python package in 'lab1' passes arguments to the setup() function which requires a different identification extension than 'python'
[0.219s] Level 1:colcon.colcon_core.package_identification:_identify(lab1) by extensions ['python_setup_py']
[0.219s] Level 1:colcon.colcon_core.package_identification:_identify(lab1) by extension 'python_setup_py'
[0.612s] ERROR:colcon.colcon_core.package_identification:Exception in package identification extension 'python_setup_py' in 'lab1': Command '['/usr/bin/python3', '-c', "import sys;from setuptools.extern.packaging.specifiers import SpecifierSet;from distutils.core import run_setup;dist = run_setup(    'setup.py', script_args=('--dry-run',), stop_after='config');skip_keys = ('cmdclass', 'distclass', 'ext_modules', 'metadata');data = {    key: value for key, value in dist.__dict__.items()     if (        not key.startswith('_') and         not callable(value) and         key not in skip_keys and         key not in dist.display_option_names    )};data['metadata'] = {    k: v for k, v in dist.metadata.__dict__.items()     if k not in ('license_files', 'provides_extras')};sys.stdout.buffer.write(repr(data).encode('utf-8'))"]' returned non-zero exit status 1.
Traceback (most recent call last):
  File "/usr/lib/python3/dist-packages/colcon_core/package_identification/__init__.py", line 143, in _identify
    retval = extension.identify(_reused_descriptor_instance)
  File "/usr/lib/python3/dist-packages/colcon_python_setup_py/package_identification/python_setup_py.py", line 48, in identify
    config = get_setup_information(setup_py)
  File "/usr/lib/python3/dist-packages/colcon_python_setup_py/package_identification/python_setup_py.py", line 241, in get_setup_information
    _setup_information_cache[hashable_env] = _get_setup_information(
  File "/usr/lib/python3/dist-packages/colcon_python_setup_py/package_identification/python_setup_py.py", line 281, in _get_setup_information
    result = subprocess.run(
  File "/usr/lib/python3.8/subprocess.py", line 512, in run
    raise CalledProcessError(retcode, process.args,
subprocess.CalledProcessError: Command '['/usr/bin/python3', '-c', "import sys;from setuptools.extern.packaging.specifiers import SpecifierSet;from distutils.core import run_setup;dist = run_setup(    'setup.py', script_args=('--dry-run',), stop_after='config');skip_keys = ('cmdclass', 'distclass', 'ext_modules', 'metadata');data = {    key: value for key, value in dist.__dict__.items()     if (        not key.startswith('_') and         not callable(value) and         key not in skip_keys and         key not in dist.display_option_names    )};data['metadata'] = {    k: v for k, v in dist.metadata.__dict__.items()     if k not in ('license_files', 'provides_extras')};sys.stdout.buffer.write(repr(data).encode('utf-8'))"]' returned non-zero exit status 1.

[0.613s] Level 1:colcon.colcon_core.package_identification:_identify(lab1/lab1) by extensions ['ignore', 'ignore_ament_install']
[0.613s] Level 1:colcon.colcon_core.package_identification:_identify(lab1/lab1) by extension 'ignore'
[0.613s] Level 1:colcon.colcon_core.package_identification:_identify(lab1/lab1) by extension 'ignore_ament_install'
[0.613s] Level 1:colcon.colcon_core.package_identification:_identify(lab1/lab1) by extensions ['colcon_pkg']
[0.613s] Level 1:colcon.colcon_core.package_identification:_identify(lab1/lab1) by extension 'colcon_pkg'
[0.614s] Level 1:colcon.colcon_core.package_identification:_identify(lab1/lab1) by extensions ['colcon_meta']
[0.614s] Level 1:colcon.colcon_core.package_identification:_identify(lab1/lab1) by extension 'colcon_meta'
[0.614s] Level 1:colcon.colcon_core.package_identification:_identify(lab1/lab1) by extensions ['ros']
[0.614s] Level 1:colcon.colcon_core.package_identification:_identify(lab1/lab1) by extension 'ros'
[0.614s] Level 1:colcon.colcon_core.package_identification:_identify(lab1/lab1) by extensions ['cmake', 'python']
[0.614s] Level 1:colcon.colcon_core.package_identification:_identify(lab1/lab1) by extension 'cmake'
[0.614s] Level 1:colcon.colcon_core.package_identification:_identify(lab1/lab1) by extension 'python'
[0.614s] Level 1:colcon.colcon_core.package_identification:_identify(lab1/lab1) by extensions ['python_setup_py']
[0.614s] Level 1:colcon.colcon_core.package_identification:_identify(lab1/lab1) by extension 'python_setup_py'
[0.615s] Level 1:colcon.colcon_core.package_identification:_identify(lab1/resource) by extensions ['ignore', 'ignore_ament_install']
[0.615s] Level 1:colcon.colcon_core.package_identification:_identify(lab1/resource) by extension 'ignore'
[0.615s] Level 1:colcon.colcon_core.package_identification:_identify(lab1/resource) by extension 'ignore_ament_install'
[0.615s] Level 1:colcon.colcon_core.package_identification:_identify(lab1/resource) by extensions ['colcon_pkg']
[0.615s] Level 1:colcon.colcon_core.package_identification:_identify(lab1/resource) by extension 'colcon_pkg'
[0.615s] Level 1:colcon.colcon_core.package_identification:_identify(lab1/resource) by extensions ['colcon_meta']
[0.615s] Level 1:colcon.colcon_core.package_identification:_identify(lab1/resource) by extension 'colcon_meta'
[0.615s] Level 1:colcon.colcon_core.package_identification:_identify(lab1/resource) by extensions ['ros']
[0.615s] Level 1:colcon.colcon_core.package_identification:_identify(lab1/resource) by extension 'ros'
[0.616s] Level 1:colcon.colcon_core.package_identification:_identify(lab1/resource) by extensions ['cmake', 'python']
[0.616s] Level 1:colcon.colcon_core.package_identification:_identify(lab1/resource) by extension 'cmake'
[0.616s] Level 1:colcon.colcon_core.package_identification:_identify(lab1/resource) by extension 'python'
[0.616s] Level 1:colcon.colcon_core.package_identification:_identify(lab1/resource) by extensions ['python_setup_py']
[0.616s] Level 1:colcon.colcon_core.package_identification:_identify(lab1/resource) by extension 'python_setup_py'
[0.616s] Level 1:colcon.colcon_core.package_identification:_identify(lab1/test) by extensions ['ignore', 'ignore_ament_install']
[0.616s] Level 1:colcon.colcon_core.package_identification:_identify(lab1/test) by extension 'ignore'
[0.617s] Level 1:colcon.colcon_core.package_identification:_identify(lab1/test) by extension 'ignore_ament_install'
[0.617s] Level 1:colcon.colcon_core.package_identification:_identify(lab1/test) by extensions ['colcon_pkg']
[0.617s] Level 1:colcon.colcon_core.package_identification:_identify(lab1/test) by extension 'colcon_pkg'
[0.617s] Level 1:colcon.colcon_core.package_identification:_identify(lab1/test) by extensions ['colcon_meta']
[0.617s] Level 1:colcon.colcon_core.package_identification:_identify(lab1/test) by extension 'colcon_meta'
[0.617s] Level 1:colcon.colcon_core.package_identification:_identify(lab1/test) by extensions ['ros']
[0.617s] Level 1:colcon.colcon_core.package_identification:_identify(lab1/test) by extension 'ros'
[0.617s] Level 1:colcon.colcon_core.package_identification:_identify(lab1/test) by extensions ['cmake', 'python']
[0.617s] Level 1:colcon.colcon_core.package_identification:_identify(lab1/test) by extension 'cmake'
[0.618s] Level 1:colcon.colcon_core.package_identification:_identify(lab1/test) by extension 'python'
[0.618s] Level 1:colcon.colcon_core.package_identification:_identify(lab1/test) by extensions ['python_setup_py']
[0.618s] Level 1:colcon.colcon_core.package_identification:_identify(lab1/test) by extension 'python_setup_py'
[0.618s] Level 1:colcon.colcon_core.package_identification:_identify(launch) by extensions ['ignore', 'ignore_ament_install']
[0.618s] Level 1:colcon.colcon_core.package_identification:_identify(launch) by extension 'ignore'
[0.618s] Level 1:colcon.colcon_core.package_identification:_identify(launch) by extension 'ignore_ament_install'
[0.618s] Level 1:colcon.colcon_core.package_identification:_identify(launch) by extensions ['colcon_pkg']
[0.619s] Level 1:colcon.colcon_core.package_identification:_identify(launch) by extension 'colcon_pkg'
[0.619s] Level 1:colcon.colcon_core.package_identification:_identify(launch) by extensions ['colcon_meta']
[0.619s] Level 1:colcon.colcon_core.package_identification:_identify(launch) by extension 'colcon_meta'
[0.619s] Level 1:colcon.colcon_core.package_identification:_identify(launch) by extensions ['ros']
[0.619s] Level 1:colcon.colcon_core.package_identification:_identify(launch) by extension 'ros'
[0.619s] Level 1:colcon.colcon_core.package_identification:_identify(launch) by extensions ['cmake', 'python']
[0.619s] Level 1:colcon.colcon_core.package_identification:_identify(launch) by extension 'cmake'
[0.619s] Level 1:colcon.colcon_core.package_identification:_identify(launch) by extension 'python'
[0.619s] Level 1:colcon.colcon_core.package_identification:_identify(launch) by extensions ['python_setup_py']
[0.619s] Level 1:colcon.colcon_core.package_identification:_identify(launch) by extension 'python_setup_py'
[0.620s] Level 1:colcon.colcon_core.package_identification:_identify(launch/__pycache__) by extensions ['ignore', 'ignore_ament_install']
[0.620s] Level 1:colcon.colcon_core.package_identification:_identify(launch/__pycache__) by extension 'ignore'
[0.620s] Level 1:colcon.colcon_core.package_identification:_identify(launch/__pycache__) by extension 'ignore_ament_install'
[0.620s] Level 1:colcon.colcon_core.package_identification:_identify(launch/__pycache__) by extensions ['colcon_pkg']
[0.620s] Level 1:colcon.colcon_core.package_identification:_identify(launch/__pycache__) by extension 'colcon_pkg'
[0.620s] Level 1:colcon.colcon_core.package_identification:_identify(launch/__pycache__) by extensions ['colcon_meta']
[0.620s] Level 1:colcon.colcon_core.package_identification:_identify(launch/__pycache__) by extension 'colcon_meta'
[0.620s] Level 1:colcon.colcon_core.package_identification:_identify(launch/__pycache__) by extensions ['ros']
[0.621s] Level 1:colcon.colcon_core.package_identification:_identify(launch/__pycache__) by extension 'ros'
[0.621s] Level 1:colcon.colcon_core.package_identification:_identify(launch/__pycache__) by extensions ['cmake', 'python']
[0.621s] Level 1:colcon.colcon_core.package_identification:_identify(launch/__pycache__) by extension 'cmake'
[0.621s] Level 1:colcon.colcon_core.package_identification:_identify(launch/__pycache__) by extension 'python'
[0.621s] Level 1:colcon.colcon_core.package_identification:_identify(launch/__pycache__) by extensions ['python_setup_py']
[0.621s] Level 1:colcon.colcon_core.package_identification:_identify(launch/__pycache__) by extension 'python_setup_py'
[0.621s] Level 1:colcon.colcon_core.package_identification:_identify(launch/build) by extensions ['ignore', 'ignore_ament_install']
[0.621s] Level 1:colcon.colcon_core.package_identification:_identify(launch/build) by extension 'ignore'
[0.622s] Level 1:colcon.colcon_core.package_identification:_identify(launch/build) ignored
[0.622s] Level 1:colcon.colcon_core.package_identification:_identify(launch/install) by extensions ['ignore', 'ignore_ament_install']
[0.622s] Level 1:colcon.colcon_core.package_identification:_identify(launch/install) by extension 'ignore'
[0.622s] Level 1:colcon.colcon_core.package_identification:_identify(launch/install) ignored
[0.622s] Level 1:colcon.colcon_core.package_identification:_identify(launch/log) by extensions ['ignore', 'ignore_ament_install']
[0.622s] Level 1:colcon.colcon_core.package_identification:_identify(launch/log) by extension 'ignore'
[0.623s] Level 1:colcon.colcon_core.package_identification:_identify(launch/log) ignored
[0.623s] Level 1:colcon.colcon_core.package_identification:_identify(log) by extensions ['ignore', 'ignore_ament_install']
[0.623s] Level 1:colcon.colcon_core.package_identification:_identify(log) by extension 'ignore'
[0.623s] Level 1:colcon.colcon_core.package_identification:_identify(log) ignored
[0.623s] Level 1:colcon.colcon_core.package_discovery:discover_packages(recursive) using defaults
[0.623s] Level 1:colcon.colcon_core.package_discovery:discover_packages(ignore) discover
[0.623s] Level 1:colcon.colcon_core.package_discovery:discover_packages(ignore) using defaults
[0.624s] Level 1:colcon.colcon_core.package_discovery:discover_packages(path) discover
[0.624s] Level 1:colcon.colcon_core.package_discovery:discover_packages(path) using defaults
[0.650s] INFO:colcon.colcon_core.executor:Executing jobs using 'parallel' executor
[0.654s] DEBUG:colcon.colcon_parallel_executor.executor.parallel:run_until_complete
[0.654s] DEBUG:colcon.colcon_parallel_executor.executor.parallel:closing loop
[0.654s] DEBUG:colcon.colcon_parallel_executor.executor.parallel:loop closed
[0.655s] DEBUG:colcon.colcon_parallel_executor.executor.parallel:run_until_complete finished with '0'
[0.655s] DEBUG:colcon.colcon_core.event_reactor:joining thread
[0.668s] INFO:colcon.colcon_core.plugin_system:Skipping extension 'colcon_notification.desktop_notification.terminal_notifier': Not used on non-Darwin systems
[0.668s] INFO:colcon.colcon_core.plugin_system:Skipping extension 'colcon_notification.desktop_notification.win32': Not used on non-Windows systems
[0.668s] INFO:colcon.colcon_notification.desktop_notification:Sending desktop notification using 'notify2'
[0.702s] DEBUG:colcon.colcon_core.event_reactor:joined thread
[0.710s] INFO:colcon.colcon_core.plugin_system:Skipping extension 'colcon_core.shell.bat': Not used on non-Windows systems
[0.710s] INFO:colcon.colcon_core.shell:Creating prefix script '/home/kamil/dev_ws/src/src/dwornik_matysek/install/local_setup.ps1'
[0.712s] INFO:colcon.colcon_core.shell:Creating prefix util module '/home/kamil/dev_ws/src/src/dwornik_matysek/install/_local_setup_util_ps1.py'
[0.714s] INFO:colcon.colcon_core.shell:Creating prefix chain script '/home/kamil/dev_ws/src/src/dwornik_matysek/install/setup.ps1'
[0.719s] INFO:colcon.colcon_core.shell:Creating prefix script '/home/kamil/dev_ws/src/src/dwornik_matysek/install/local_setup.sh'
[0.719s] INFO:colcon.colcon_core.shell:Creating prefix util module '/home/kamil/dev_ws/src/src/dwornik_matysek/install/_local_setup_util_sh.py'
[0.720s] INFO:colcon.colcon_core.shell:Creating prefix chain script '/home/kamil/dev_ws/src/src/dwornik_matysek/install/setup.sh'
[0.723s] INFO:colcon.colcon_core.shell:Creating prefix script '/home/kamil/dev_ws/src/src/dwornik_matysek/install/local_setup.bash'
[0.723s] INFO:colcon.colcon_core.shell:Creating prefix chain script '/home/kamil/dev_ws/src/src/dwornik_matysek/install/setup.bash'
[0.726s] INFO:colcon.colcon_core.shell:Creating prefix script '/home/kamil/dev_ws/src/src/dwornik_matysek/install/local_setup.zsh'
[0.726s] INFO:colcon.colcon_core.shell:Creating prefix chain script '/home/kamil/dev_ws/src/src/dwornik_matysek/install/setup.zsh'
