[0.618s] DEBUG:colcon:Command line arguments: ['/usr/bin/colcon', 'build', '--symlink-install', '--packages-select', 'my_urdf']
[0.618s] DEBUG:colcon:Parsed command line arguments: Namespace(ament_cmake_args=None, base_paths=['.'], build_base='build', catkin_cmake_args=None, catkin_skip_building_tests=False, cmake_args=None, cmake_clean_cache=False, cmake_clean_first=False, cmake_force_configure=False, cmake_target=None, cmake_target_skip_unavailable=False, continue_on_error=False, event_handlers=None, executor='parallel', ignore_user_meta=False, install_base='install', log_base=None, log_level=None, main=<bound method BuildVerb.main of <colcon_core.verb.build.BuildVerb object at 0x7fc692fdfd30>>, merge_install=False, metas=['./colcon.meta'], packages_above=None, packages_above_and_dependencies=None, packages_above_depth=None, packages_end=None, packages_ignore=None, packages_ignore_regex=None, packages_select=['my_urdf'], packages_select_build_failed=False, packages_select_by_dep=None, packages_select_regex=None, packages_select_test_failures=False, packages_skip=None, packages_skip_build_finished=False, packages_skip_by_dep=None, packages_skip_regex=None, packages_skip_test_passed=False, packages_skip_up_to=None, packages_start=None, packages_up_to=None, packages_up_to_regex=None, parallel_workers=8, paths=None, symlink_install=True, test_result_base=None, verb_extension=<colcon_core.verb.build.BuildVerb object at 0x7fc692fdfd30>, verb_name='build', verb_parser=<colcon_defaults.argument_parser.defaults.DefaultArgumentsDecorator object at 0x7fc692fed2e0>)
[0.634s] Level 1:colcon.colcon_core.package_discovery:discover_packages(colcon_meta) check parameters
[0.634s] Level 1:colcon.colcon_core.package_discovery:discover_packages(recursive) check parameters
[0.634s] Level 1:colcon.colcon_core.package_discovery:discover_packages(ignore) check parameters
[0.634s] Level 1:colcon.colcon_core.package_discovery:discover_packages(path) check parameters
[0.634s] Level 1:colcon.colcon_core.package_discovery:discover_packages(colcon_meta) discover
[0.635s] Level 1:colcon.colcon_core.package_discovery:discover_packages(recursive) discover
[0.635s] INFO:colcon.colcon_core.package_discovery:Crawling recursively for packages in '/home/kamil/dwornik_matysek'
[0.635s] Level 1:colcon.colcon_core.package_identification:_identify(.) by extensions ['ignore', 'ignore_ament_install']
[0.635s] Level 1:colcon.colcon_core.package_identification:_identify(.) by extension 'ignore'
[0.635s] Level 1:colcon.colcon_core.package_identification:_identify(.) by extension 'ignore_ament_install'
[0.635s] Level 1:colcon.colcon_core.package_identification:_identify(.) by extensions ['colcon_pkg']
[0.635s] Level 1:colcon.colcon_core.package_identification:_identify(.) by extension 'colcon_pkg'
[0.635s] Level 1:colcon.colcon_core.package_identification:_identify(.) by extensions ['colcon_meta']
[0.636s] Level 1:colcon.colcon_core.package_identification:_identify(.) by extension 'colcon_meta'
[0.636s] Level 1:colcon.colcon_core.package_identification:_identify(.) by extensions ['ros']
[0.636s] Level 1:colcon.colcon_core.package_identification:_identify(.) by extension 'ros'
[0.653s] Level 1:colcon.colcon_core.package_identification:_identify(.) by extensions ['cmake', 'python']
[0.654s] Level 1:colcon.colcon_core.package_identification:_identify(.) by extension 'cmake'
[0.654s] Level 1:colcon.colcon_core.package_identification:_identify(.) by extension 'python'
[0.654s] Level 1:colcon.colcon_core.package_identification:_identify(.) by extensions ['python_setup_py']
[0.654s] Level 1:colcon.colcon_core.package_identification:_identify(.) by extension 'python_setup_py'
[0.654s] Level 1:colcon.colcon_core.package_identification:_identify(build) by extensions ['ignore', 'ignore_ament_install']
[0.654s] Level 1:colcon.colcon_core.package_identification:_identify(build) by extension 'ignore'
[0.654s] Level 1:colcon.colcon_core.package_identification:_identify(build) ignored
[0.654s] Level 1:colcon.colcon_core.package_identification:_identify(dev_ws) by extensions ['ignore', 'ignore_ament_install']
[0.654s] Level 1:colcon.colcon_core.package_identification:_identify(dev_ws) by extension 'ignore'
[0.654s] Level 1:colcon.colcon_core.package_identification:_identify(dev_ws) by extension 'ignore_ament_install'
[0.655s] Level 1:colcon.colcon_core.package_identification:_identify(dev_ws) by extensions ['colcon_pkg']
[0.655s] Level 1:colcon.colcon_core.package_identification:_identify(dev_ws) by extension 'colcon_pkg'
[0.655s] Level 1:colcon.colcon_core.package_identification:_identify(dev_ws) by extensions ['colcon_meta']
[0.655s] Level 1:colcon.colcon_core.package_identification:_identify(dev_ws) by extension 'colcon_meta'
[0.655s] Level 1:colcon.colcon_core.package_identification:_identify(dev_ws) by extensions ['ros']
[0.655s] Level 1:colcon.colcon_core.package_identification:_identify(dev_ws) by extension 'ros'
[0.655s] Level 1:colcon.colcon_core.package_identification:_identify(dev_ws) by extensions ['cmake', 'python']
[0.655s] Level 1:colcon.colcon_core.package_identification:_identify(dev_ws) by extension 'cmake'
[0.655s] Level 1:colcon.colcon_core.package_identification:_identify(dev_ws) by extension 'python'
[0.655s] Level 1:colcon.colcon_core.package_identification:_identify(dev_ws) by extensions ['python_setup_py']
[0.655s] Level 1:colcon.colcon_core.package_identification:_identify(dev_ws) by extension 'python_setup_py'
[0.656s] Level 1:colcon.colcon_core.package_identification:_identify(dev_ws/build) by extensions ['ignore', 'ignore_ament_install']
[0.656s] Level 1:colcon.colcon_core.package_identification:_identify(dev_ws/build) by extension 'ignore'
[0.656s] Level 1:colcon.colcon_core.package_identification:_identify(dev_ws/build) ignored
[0.656s] Level 1:colcon.colcon_core.package_identification:_identify(dev_ws/install) by extensions ['ignore', 'ignore_ament_install']
[0.657s] Level 1:colcon.colcon_core.package_identification:_identify(dev_ws/install) by extension 'ignore'
[0.657s] Level 1:colcon.colcon_core.package_identification:_identify(dev_ws/install) ignored
[0.657s] Level 1:colcon.colcon_core.package_identification:_identify(dev_ws/log) by extensions ['ignore', 'ignore_ament_install']
[0.657s] Level 1:colcon.colcon_core.package_identification:_identify(dev_ws/log) by extension 'ignore'
[0.657s] Level 1:colcon.colcon_core.package_identification:_identify(dev_ws/log) ignored
[0.658s] Level 1:colcon.colcon_core.package_identification:_identify(dev_ws/src) by extensions ['ignore', 'ignore_ament_install']
[0.658s] Level 1:colcon.colcon_core.package_identification:_identify(dev_ws/src) by extension 'ignore'
[0.658s] Level 1:colcon.colcon_core.package_identification:_identify(dev_ws/src) by extension 'ignore_ament_install'
[0.658s] Level 1:colcon.colcon_core.package_identification:_identify(dev_ws/src) by extensions ['colcon_pkg']
[0.658s] Level 1:colcon.colcon_core.package_identification:_identify(dev_ws/src) by extension 'colcon_pkg'
[0.658s] Level 1:colcon.colcon_core.package_identification:_identify(dev_ws/src) by extensions ['colcon_meta']
[0.658s] Level 1:colcon.colcon_core.package_identification:_identify(dev_ws/src) by extension 'colcon_meta'
[0.658s] Level 1:colcon.colcon_core.package_identification:_identify(dev_ws/src) by extensions ['ros']
[0.658s] Level 1:colcon.colcon_core.package_identification:_identify(dev_ws/src) by extension 'ros'
[0.658s] Level 1:colcon.colcon_core.package_identification:_identify(dev_ws/src) by extensions ['cmake', 'python']
[0.658s] Level 1:colcon.colcon_core.package_identification:_identify(dev_ws/src) by extension 'cmake'
[0.658s] Level 1:colcon.colcon_core.package_identification:_identify(dev_ws/src) by extension 'python'
[0.659s] Level 1:colcon.colcon_core.package_identification:_identify(dev_ws/src) by extensions ['python_setup_py']
[0.659s] Level 1:colcon.colcon_core.package_identification:_identify(dev_ws/src) by extension 'python_setup_py'
[0.659s] Level 1:colcon.colcon_core.package_identification:_identify(dev_ws/src/build) by extensions ['ignore', 'ignore_ament_install']
[0.659s] Level 1:colcon.colcon_core.package_identification:_identify(dev_ws/src/build) by extension 'ignore'
[0.659s] Level 1:colcon.colcon_core.package_identification:_identify(dev_ws/src/build) ignored
[0.660s] Level 1:colcon.colcon_core.package_identification:_identify(dev_ws/src/install) by extensions ['ignore', 'ignore_ament_install']
[0.660s] Level 1:colcon.colcon_core.package_identification:_identify(dev_ws/src/install) by extension 'ignore'
[0.660s] Level 1:colcon.colcon_core.package_identification:_identify(dev_ws/src/install) ignored
[0.661s] Level 1:colcon.colcon_core.package_identification:_identify(dev_ws/src/log) by extensions ['ignore', 'ignore_ament_install']
[0.661s] Level 1:colcon.colcon_core.package_identification:_identify(dev_ws/src/log) by extension 'ignore'
[0.661s] Level 1:colcon.colcon_core.package_identification:_identify(dev_ws/src/log) ignored
[0.662s] Level 1:colcon.colcon_core.package_identification:_identify(dev_ws/src/ros_tutorials) by extensions ['ignore', 'ignore_ament_install']
[0.662s] Level 1:colcon.colcon_core.package_identification:_identify(dev_ws/src/ros_tutorials) by extension 'ignore'
[0.662s] Level 1:colcon.colcon_core.package_identification:_identify(dev_ws/src/ros_tutorials) by extension 'ignore_ament_install'
[0.662s] Level 1:colcon.colcon_core.package_identification:_identify(dev_ws/src/ros_tutorials) by extensions ['colcon_pkg']
[0.662s] Level 1:colcon.colcon_core.package_identification:_identify(dev_ws/src/ros_tutorials) by extension 'colcon_pkg'
[0.662s] Level 1:colcon.colcon_core.package_identification:_identify(dev_ws/src/ros_tutorials) by extensions ['colcon_meta']
[0.662s] Level 1:colcon.colcon_core.package_identification:_identify(dev_ws/src/ros_tutorials) by extension 'colcon_meta'
[0.662s] Level 1:colcon.colcon_core.package_identification:_identify(dev_ws/src/ros_tutorials) by extensions ['ros']
[0.662s] Level 1:colcon.colcon_core.package_identification:_identify(dev_ws/src/ros_tutorials) by extension 'ros'
[0.662s] Level 1:colcon.colcon_core.package_identification:_identify(dev_ws/src/ros_tutorials) by extensions ['cmake', 'python']
[0.662s] Level 1:colcon.colcon_core.package_identification:_identify(dev_ws/src/ros_tutorials) by extension 'cmake'
[0.662s] Level 1:colcon.colcon_core.package_identification:_identify(dev_ws/src/ros_tutorials) by extension 'python'
[0.662s] Level 1:colcon.colcon_core.package_identification:_identify(dev_ws/src/ros_tutorials) by extensions ['python_setup_py']
[0.662s] Level 1:colcon.colcon_core.package_identification:_identify(dev_ws/src/ros_tutorials) by extension 'python_setup_py'
[0.663s] Level 1:colcon.colcon_core.package_identification:_identify(dev_ws/src/ros_tutorials/ros_tutorials) by extensions ['ignore', 'ignore_ament_install']
[0.663s] Level 1:colcon.colcon_core.package_identification:_identify(dev_ws/src/ros_tutorials/ros_tutorials) by extension 'ignore'
[0.663s] Level 1:colcon.colcon_core.package_identification:_identify(dev_ws/src/ros_tutorials/ros_tutorials) ignored
[0.664s] Level 1:colcon.colcon_core.package_identification:_identify(dev_ws/src/ros_tutorials/roscpp_tutorials) by extensions ['ignore', 'ignore_ament_install']
[0.664s] Level 1:colcon.colcon_core.package_identification:_identify(dev_ws/src/ros_tutorials/roscpp_tutorials) by extension 'ignore'
[0.664s] Level 1:colcon.colcon_core.package_identification:_identify(dev_ws/src/ros_tutorials/roscpp_tutorials) ignored
[0.665s] Level 1:colcon.colcon_core.package_identification:_identify(dev_ws/src/ros_tutorials/rospy_tutorials) by extensions ['ignore', 'ignore_ament_install']
[0.665s] Level 1:colcon.colcon_core.package_identification:_identify(dev_ws/src/ros_tutorials/rospy_tutorials) by extension 'ignore'
[0.665s] Level 1:colcon.colcon_core.package_identification:_identify(dev_ws/src/ros_tutorials/rospy_tutorials) ignored
[0.665s] Level 1:colcon.colcon_core.package_identification:_identify(dev_ws/src/ros_tutorials/turtlesim) by extensions ['ignore', 'ignore_ament_install']
[0.665s] Level 1:colcon.colcon_core.package_identification:_identify(dev_ws/src/ros_tutorials/turtlesim) by extension 'ignore'
[0.665s] Level 1:colcon.colcon_core.package_identification:_identify(dev_ws/src/ros_tutorials/turtlesim) by extension 'ignore_ament_install'
[0.666s] Level 1:colcon.colcon_core.package_identification:_identify(dev_ws/src/ros_tutorials/turtlesim) by extensions ['colcon_pkg']
[0.666s] Level 1:colcon.colcon_core.package_identification:_identify(dev_ws/src/ros_tutorials/turtlesim) by extension 'colcon_pkg'
[0.666s] Level 1:colcon.colcon_core.package_identification:_identify(dev_ws/src/ros_tutorials/turtlesim) by extensions ['colcon_meta']
[0.666s] Level 1:colcon.colcon_core.package_identification:_identify(dev_ws/src/ros_tutorials/turtlesim) by extension 'colcon_meta'
[0.666s] Level 1:colcon.colcon_core.package_identification:_identify(dev_ws/src/ros_tutorials/turtlesim) by extensions ['ros']
[0.666s] Level 1:colcon.colcon_core.package_identification:_identify(dev_ws/src/ros_tutorials/turtlesim) by extension 'ros'
[0.673s] DEBUG:colcon.colcon_core.package_identification:Package 'dev_ws/src/ros_tutorials/turtlesim' with type 'ros.ament_cmake' and name 'turtlesim'
[0.673s] Level 1:colcon.colcon_core.package_identification:_identify(dev_ws/src/urdf_tutorial) by extensions ['ignore', 'ignore_ament_install']
[0.674s] Level 1:colcon.colcon_core.package_identification:_identify(dev_ws/src/urdf_tutorial) by extension 'ignore'
[0.674s] Level 1:colcon.colcon_core.package_identification:_identify(dev_ws/src/urdf_tutorial) by extension 'ignore_ament_install'
[0.674s] Level 1:colcon.colcon_core.package_identification:_identify(dev_ws/src/urdf_tutorial) by extensions ['colcon_pkg']
[0.674s] Level 1:colcon.colcon_core.package_identification:_identify(dev_ws/src/urdf_tutorial) by extension 'colcon_pkg'
[0.674s] Level 1:colcon.colcon_core.package_identification:_identify(dev_ws/src/urdf_tutorial) by extensions ['colcon_meta']
[0.674s] Level 1:colcon.colcon_core.package_identification:_identify(dev_ws/src/urdf_tutorial) by extension 'colcon_meta'
[0.674s] Level 1:colcon.colcon_core.package_identification:_identify(dev_ws/src/urdf_tutorial) by extensions ['ros']
[0.674s] Level 1:colcon.colcon_core.package_identification:_identify(dev_ws/src/urdf_tutorial) by extension 'ros'
[0.676s] DEBUG:colcon.colcon_core.package_identification:Package 'dev_ws/src/urdf_tutorial' with type 'ros.ament_python' and name 'urdf_tutorial'
[0.676s] Level 1:colcon.colcon_core.package_identification:_identify(install) by extensions ['ignore', 'ignore_ament_install']
[0.676s] Level 1:colcon.colcon_core.package_identification:_identify(install) by extension 'ignore'
[0.676s] Level 1:colcon.colcon_core.package_identification:_identify(install) ignored
[0.676s] Level 1:colcon.colcon_core.package_identification:_identify(lab1) by extensions ['ignore', 'ignore_ament_install']
[0.676s] Level 1:colcon.colcon_core.package_identification:_identify(lab1) by extension 'ignore'
[0.676s] Level 1:colcon.colcon_core.package_identification:_identify(lab1) by extension 'ignore_ament_install'
[0.676s] Level 1:colcon.colcon_core.package_identification:_identify(lab1) by extensions ['colcon_pkg']
[0.677s] Level 1:colcon.colcon_core.package_identification:_identify(lab1) by extension 'colcon_pkg'
[0.677s] Level 1:colcon.colcon_core.package_identification:_identify(lab1) by extensions ['colcon_meta']
[0.677s] Level 1:colcon.colcon_core.package_identification:_identify(lab1) by extension 'colcon_meta'
[0.677s] Level 1:colcon.colcon_core.package_identification:_identify(lab1) by extensions ['ros']
[0.677s] Level 1:colcon.colcon_core.package_identification:_identify(lab1) by extension 'ros'
[0.678s] DEBUG:colcon.colcon_core.package_identification:Package 'lab1' with type 'ros.ament_python' and name 'lab1'
[0.678s] Level 1:colcon.colcon_core.package_identification:_identify(log) by extensions ['ignore', 'ignore_ament_install']
[0.678s] Level 1:colcon.colcon_core.package_identification:_identify(log) by extension 'ignore'
[0.679s] Level 1:colcon.colcon_core.package_identification:_identify(log) ignored
[0.679s] Level 1:colcon.colcon_core.package_identification:_identify(my_urdf) by extensions ['ignore', 'ignore_ament_install']
[0.679s] Level 1:colcon.colcon_core.package_identification:_identify(my_urdf) by extension 'ignore'
[0.679s] Level 1:colcon.colcon_core.package_identification:_identify(my_urdf) by extension 'ignore_ament_install'
[0.679s] Level 1:colcon.colcon_core.package_identification:_identify(my_urdf) by extensions ['colcon_pkg']
[0.679s] Level 1:colcon.colcon_core.package_identification:_identify(my_urdf) by extension 'colcon_pkg'
[0.679s] Level 1:colcon.colcon_core.package_identification:_identify(my_urdf) by extensions ['colcon_meta']
[0.679s] Level 1:colcon.colcon_core.package_identification:_identify(my_urdf) by extension 'colcon_meta'
[0.679s] Level 1:colcon.colcon_core.package_identification:_identify(my_urdf) by extensions ['ros']
[0.679s] Level 1:colcon.colcon_core.package_identification:_identify(my_urdf) by extension 'ros'
[0.680s] DEBUG:colcon.colcon_core.package_identification:Package 'my_urdf' with type 'ros.ament_python' and name 'my_urdf'
[0.680s] Level 1:colcon.colcon_core.package_discovery:discover_packages(recursive) using defaults
[0.680s] Level 1:colcon.colcon_core.package_discovery:discover_packages(ignore) discover
[0.680s] Level 1:colcon.colcon_core.package_discovery:discover_packages(ignore) using defaults
[0.680s] Level 1:colcon.colcon_core.package_discovery:discover_packages(path) discover
[0.680s] Level 1:colcon.colcon_core.package_discovery:discover_packages(path) using defaults
[0.710s] INFO:colcon.colcon_core.package_selection:Skipping not selected package 'lab1' in 'lab1'
[0.711s] INFO:colcon.colcon_core.package_selection:Skipping not selected package 'turtlesim' in 'dev_ws/src/ros_tutorials/turtlesim'
[0.711s] INFO:colcon.colcon_core.package_selection:Skipping not selected package 'urdf_tutorial' in 'dev_ws/src/urdf_tutorial'
[0.714s] Level 5:colcon.colcon_core.verb:set package 'my_urdf' build argument 'cmake_args' from command line to 'None'
[0.714s] Level 5:colcon.colcon_core.verb:set package 'my_urdf' build argument 'cmake_target' from command line to 'None'
[0.714s] Level 5:colcon.colcon_core.verb:set package 'my_urdf' build argument 'cmake_target_skip_unavailable' from command line to 'False'
[0.714s] Level 5:colcon.colcon_core.verb:set package 'my_urdf' build argument 'cmake_clean_cache' from command line to 'False'
[0.714s] Level 5:colcon.colcon_core.verb:set package 'my_urdf' build argument 'cmake_clean_first' from command line to 'False'
[0.715s] Level 5:colcon.colcon_core.verb:set package 'my_urdf' build argument 'cmake_force_configure' from command line to 'False'
[0.715s] Level 5:colcon.colcon_core.verb:set package 'my_urdf' build argument 'ament_cmake_args' from command line to 'None'
[0.715s] Level 5:colcon.colcon_core.verb:set package 'my_urdf' build argument 'catkin_cmake_args' from command line to 'None'
[0.715s] Level 5:colcon.colcon_core.verb:set package 'my_urdf' build argument 'catkin_skip_building_tests' from command line to 'False'
[0.715s] DEBUG:colcon.colcon_core.verb:Building package 'my_urdf' with the following arguments: {'ament_cmake_args': None, 'build_base': '/home/kamil/dwornik_matysek/build/my_urdf', 'catkin_cmake_args': None, 'catkin_skip_building_tests': False, 'cmake_args': None, 'cmake_clean_cache': False, 'cmake_clean_first': False, 'cmake_force_configure': False, 'cmake_target': None, 'cmake_target_skip_unavailable': False, 'install_base': '/home/kamil/dwornik_matysek/install/my_urdf', 'merge_install': False, 'path': '/home/kamil/dwornik_matysek/my_urdf', 'symlink_install': True, 'test_result_base': None}
[0.715s] INFO:colcon.colcon_core.executor:Executing jobs using 'parallel' executor
[0.718s] DEBUG:colcon.colcon_parallel_executor.executor.parallel:run_until_complete
[0.718s] INFO:colcon.colcon_ros.task.ament_python.build:Building ROS package in '/home/kamil/dwornik_matysek/my_urdf' with build type 'ament_python'
[0.718s] Level 1:colcon.colcon_core.shell:create_environment_hook('my_urdf', 'ament_prefix_path')
[0.731s] INFO:colcon.colcon_core.plugin_system:Skipping extension 'colcon_core.shell.bat': Not used on non-Windows systems
[0.731s] INFO:colcon.colcon_core.shell:Creating environment hook '/home/kamil/dwornik_matysek/install/my_urdf/share/my_urdf/hook/ament_prefix_path.ps1'
[0.733s] INFO:colcon.colcon_core.shell:Creating environment descriptor '/home/kamil/dwornik_matysek/install/my_urdf/share/my_urdf/hook/ament_prefix_path.dsv'
[0.734s] INFO:colcon.colcon_core.shell:Creating environment hook '/home/kamil/dwornik_matysek/install/my_urdf/share/my_urdf/hook/ament_prefix_path.sh'
[0.736s] INFO:colcon.colcon_core.shell:Skip shell extension 'powershell' for command environment: Not usable outside of PowerShell
[0.736s] DEBUG:colcon.colcon_core.shell:Skip shell extension 'dsv' for command environment
[0.741s] DEBUG:colcon.colcon_core.shell:Ignoring prefix path '/opt/ros/foxy'
[1.053s] INFO:colcon.colcon_core.task.python.build:Building Python package in '/home/kamil/dwornik_matysek/my_urdf'
[1.055s] INFO:colcon.colcon_core.shell:Skip shell extension 'powershell' for command environment: Not usable outside of PowerShell
[1.055s] DEBUG:colcon.colcon_core.shell:Skip shell extension 'dsv' for command environment
[1.057s] DEBUG:colcon.colcon_core.shell:Ignoring prefix path '/opt/ros/foxy'
[1.070s] DEBUG:colcon.colcon_core.event_handler.log_command:Invoking command in '/home/kamil/dwornik_matysek/build/my_urdf': PYTHONPATH=/home/kamil/dwornik_matysek/install/my_urdf/lib/python3.8/site-packages:${PYTHONPATH} /usr/bin/python3 setup.py develop --prefix /home/kamil/dwornik_matysek/install/my_urdf --editable --build-directory /home/kamil/dwornik_matysek/build/my_urdf/build --no-deps install_data --install-dir /home/kamil/dwornik_matysek/install/my_urdf
[1.755s] Level 1:colcon.colcon_core.shell:create_environment_hook('my_urdf', 'pythonpath_develop')
[1.759s] INFO:colcon.colcon_core.shell:Creating environment hook '/home/kamil/dwornik_matysek/build/my_urdf/share/my_urdf/hook/pythonpath_develop.ps1'
[1.763s] DEBUG:colcon.colcon_core.event_handler.log_command:Invoked command in '/home/kamil/dwornik_matysek/build/my_urdf' returned '0': PYTHONPATH=/home/kamil/dwornik_matysek/install/my_urdf/lib/python3.8/site-packages:${PYTHONPATH} /usr/bin/python3 setup.py develop --prefix /home/kamil/dwornik_matysek/install/my_urdf --editable --build-directory /home/kamil/dwornik_matysek/build/my_urdf/build --no-deps install_data --install-dir /home/kamil/dwornik_matysek/install/my_urdf
[1.764s] INFO:colcon.colcon_core.shell:Creating environment descriptor '/home/kamil/dwornik_matysek/build/my_urdf/share/my_urdf/hook/pythonpath_develop.dsv'
[1.765s] INFO:colcon.colcon_core.shell:Creating environment hook '/home/kamil/dwornik_matysek/build/my_urdf/share/my_urdf/hook/pythonpath_develop.sh'
[1.781s] Level 1:colcon.colcon_core.environment:checking '/home/kamil/dwornik_matysek/install/my_urdf' for CMake module files
[1.782s] Level 1:colcon.colcon_core.environment:checking '/home/kamil/dwornik_matysek/install/my_urdf' for CMake config files
[1.783s] Level 1:colcon.colcon_core.environment:checking '/home/kamil/dwornik_matysek/install/my_urdf/lib'
[1.783s] Level 1:colcon.colcon_core.environment:checking '/home/kamil/dwornik_matysek/install/my_urdf/bin'
[1.783s] Level 1:colcon.colcon_core.environment:checking '/home/kamil/dwornik_matysek/install/my_urdf/lib/pkgconfig/my_urdf.pc'
[1.784s] Level 1:colcon.colcon_core.environment:checking '/home/kamil/dwornik_matysek/install/my_urdf/lib/python3.8/site-packages'
[1.784s] Level 1:colcon.colcon_core.shell:create_environment_hook('my_urdf', 'pythonpath')
[1.785s] INFO:colcon.colcon_core.shell:Creating environment hook '/home/kamil/dwornik_matysek/install/my_urdf/share/my_urdf/hook/pythonpath.ps1'
[1.785s] INFO:colcon.colcon_core.shell:Creating environment descriptor '/home/kamil/dwornik_matysek/install/my_urdf/share/my_urdf/hook/pythonpath.dsv'
[1.785s] INFO:colcon.colcon_core.shell:Creating environment hook '/home/kamil/dwornik_matysek/install/my_urdf/share/my_urdf/hook/pythonpath.sh'
[1.786s] Level 1:colcon.colcon_core.environment:create_environment_scripts_only(my_urdf)
[1.787s] INFO:colcon.colcon_core.shell:Creating package script '/home/kamil/dwornik_matysek/install/my_urdf/share/my_urdf/package.ps1'
[1.789s] INFO:colcon.colcon_core.shell:Creating package descriptor '/home/kamil/dwornik_matysek/install/my_urdf/share/my_urdf/package.dsv'
[1.790s] INFO:colcon.colcon_core.shell:Creating package script '/home/kamil/dwornik_matysek/install/my_urdf/share/my_urdf/package.sh'
[1.791s] INFO:colcon.colcon_core.shell:Creating package script '/home/kamil/dwornik_matysek/install/my_urdf/share/my_urdf/package.bash'
[1.792s] INFO:colcon.colcon_core.shell:Creating package script '/home/kamil/dwornik_matysek/install/my_urdf/share/my_urdf/package.zsh'
[1.793s] Level 1:colcon.colcon_core.environment:create_file_with_runtime_dependencies(/home/kamil/dwornik_matysek/install/my_urdf/share/colcon-core/packages/my_urdf)
[1.793s] DEBUG:colcon.colcon_parallel_executor.executor.parallel:closing loop
[1.794s] DEBUG:colcon.colcon_parallel_executor.executor.parallel:loop closed
[1.794s] DEBUG:colcon.colcon_parallel_executor.executor.parallel:run_until_complete finished with '0'
[1.794s] DEBUG:colcon.colcon_core.event_reactor:joining thread
[1.811s] INFO:colcon.colcon_core.plugin_system:Skipping extension 'colcon_notification.desktop_notification.terminal_notifier': Not used on non-Darwin systems
[1.811s] INFO:colcon.colcon_core.plugin_system:Skipping extension 'colcon_notification.desktop_notification.win32': Not used on non-Windows systems
[1.811s] INFO:colcon.colcon_notification.desktop_notification:Sending desktop notification using 'notify2'
[1.851s] DEBUG:colcon.colcon_core.event_reactor:joined thread
[1.853s] INFO:colcon.colcon_core.shell:Creating prefix script '/home/kamil/dwornik_matysek/install/local_setup.ps1'
[1.855s] INFO:colcon.colcon_core.shell:Creating prefix util module '/home/kamil/dwornik_matysek/install/_local_setup_util_ps1.py'
[1.857s] INFO:colcon.colcon_core.shell:Creating prefix chain script '/home/kamil/dwornik_matysek/install/setup.ps1'
[1.861s] INFO:colcon.colcon_core.shell:Creating prefix script '/home/kamil/dwornik_matysek/install/local_setup.sh'
[1.862s] INFO:colcon.colcon_core.shell:Creating prefix util module '/home/kamil/dwornik_matysek/install/_local_setup_util_sh.py'
[1.863s] INFO:colcon.colcon_core.shell:Creating prefix chain script '/home/kamil/dwornik_matysek/install/setup.sh'
[1.866s] INFO:colcon.colcon_core.shell:Creating prefix script '/home/kamil/dwornik_matysek/install/local_setup.bash'
[1.867s] INFO:colcon.colcon_core.shell:Creating prefix chain script '/home/kamil/dwornik_matysek/install/setup.bash'
[1.871s] INFO:colcon.colcon_core.shell:Creating prefix script '/home/kamil/dwornik_matysek/install/local_setup.zsh'
[1.872s] INFO:colcon.colcon_core.shell:Creating prefix chain script '/home/kamil/dwornik_matysek/install/setup.zsh'
