running egg_info
writing ../build/lab1/lab1.egg-info/PKG-INFO
writing dependency_links to ../build/lab1/lab1.egg-info/dependency_links.txt
writing entry points to ../build/lab1/lab1.egg-info/entry_points.txt
writing requirements to ../build/lab1/lab1.egg-info/requires.txt
writing top-level names to ../build/lab1/lab1.egg-info/top_level.txt
reading manifest file '../build/lab1/lab1.egg-info/SOURCES.txt'
writing manifest file '../build/lab1/lab1.egg-info/SOURCES.txt'
running build
running build_py
copying lab1/publisher.py -> /home/kamil/dev_ws/src/src/dwornik_matysek/build/lab1/build/lib/lab1
running install
running install_lib
copying /home/kamil/dev_ws/src/src/dwornik_matysek/build/lab1/build/lib/lab1/publisher.py -> /home/kamil/dev_ws/src/src/dwornik_matysek/install/lab1/lib/python3.8/site-packages/lab1
byte-compiling /home/kamil/dev_ws/src/src/dwornik_matysek/install/lab1/lib/python3.8/site-packages/lab1/publisher.py to publisher.cpython-38.pyc
running install_data
running install_egg_info
removing '/home/kamil/dev_ws/src/src/dwornik_matysek/install/lab1/lib/python3.8/site-packages/lab1-0.0.0-py3.8.egg-info' (and everything under it)
Copying ../build/lab1/lab1.egg-info to /home/kamil/dev_ws/src/src/dwornik_matysek/install/lab1/lib/python3.8/site-packages/lab1-0.0.0-py3.8.egg-info
running install_scripts
Installing publisher script to /home/kamil/dev_ws/src/src/dwornik_matysek/install/lab1/lib/lab1
writing list of installed files to '/home/kamil/dev_ws/src/src/dwornik_matysek/build/lab1/install.log'
