[0.312s] Invoking command in '/home/kamil/dev_ws/src/src/dwornik_matysek/lab1': PYTHONPATH=${PYTHONPATH}:/home/kamil/dev_ws/src/src/dwornik_matysek/install/lab1/lib/python3.8/site-packages /usr/bin/python3 setup.py egg_info --egg-base ../build/lab1 build --build-base /home/kamil/dev_ws/src/src/dwornik_matysek/build/lab1/build install --prefix /home/kamil/dev_ws/src/src/dwornik_matysek/install/lab1 --record /home/kamil/dev_ws/src/src/dwornik_matysek/build/lab1/install.log --single-version-externally-managed
[0.575s] running egg_info
[0.576s] writing ../build/lab1/lab1.egg-info/PKG-INFO
[0.576s] writing dependency_links to ../build/lab1/lab1.egg-info/dependency_links.txt
[0.577s] writing entry points to ../build/lab1/lab1.egg-info/entry_points.txt
[0.577s] writing requirements to ../build/lab1/lab1.egg-info/requires.txt
[0.577s] writing top-level names to ../build/lab1/lab1.egg-info/top_level.txt
[0.625s] reading manifest file '../build/lab1/lab1.egg-info/SOURCES.txt'
[0.626s] writing manifest file '../build/lab1/lab1.egg-info/SOURCES.txt'
[0.626s] running build
[0.626s] running build_py
[0.627s] running install
[0.627s] running install_lib
[0.629s] running install_data
[0.630s] running install_egg_info
[0.632s] removing '/home/kamil/dev_ws/src/src/dwornik_matysek/install/lab1/lib/python3.8/site-packages/lab1-0.0.0-py3.8.egg-info' (and everything under it)
[0.632s] Copying ../build/lab1/lab1.egg-info to /home/kamil/dev_ws/src/src/dwornik_matysek/install/lab1/lib/python3.8/site-packages/lab1-0.0.0-py3.8.egg-info
[0.633s] running install_scripts
[0.656s] Installing publisher script to /home/kamil/dev_ws/src/src/dwornik_matysek/install/lab1/lib/lab1
[0.656s] writing list of installed files to '/home/kamil/dev_ws/src/src/dwornik_matysek/build/lab1/install.log'
[0.685s] Invoked command in '/home/kamil/dev_ws/src/src/dwornik_matysek/lab1' returned '0': PYTHONPATH=${PYTHONPATH}:/home/kamil/dev_ws/src/src/dwornik_matysek/install/lab1/lib/python3.8/site-packages /usr/bin/python3 setup.py egg_info --egg-base ../build/lab1 build --build-base /home/kamil/dev_ws/src/src/dwornik_matysek/build/lab1/build install --prefix /home/kamil/dev_ws/src/src/dwornik_matysek/install/lab1 --record /home/kamil/dev_ws/src/src/dwornik_matysek/build/lab1/install.log --single-version-externally-managed
