[0.336s] Invoking command in '/home/kamil/dev_ws/src/src/dwornik_matysek/lab1': PYTHONPATH=/home/kamil/dev_ws/src/src/dwornik_matysek/install/lab1/lib/python3.8/site-packages:${PYTHONPATH} /usr/bin/python3 setup.py egg_info --egg-base ../build/lab1 build --build-base /home/kamil/dev_ws/src/src/dwornik_matysek/build/lab1/build install --prefix /home/kamil/dev_ws/src/src/dwornik_matysek/install/lab1 --record /home/kamil/dev_ws/src/src/dwornik_matysek/build/lab1/install.log --single-version-externally-managed
[0.626s] running egg_info
[0.627s] writing ../build/lab1/lab1.egg-info/PKG-INFO
[0.627s] writing dependency_links to ../build/lab1/lab1.egg-info/dependency_links.txt
[0.628s] writing entry points to ../build/lab1/lab1.egg-info/entry_points.txt
[0.628s] writing requirements to ../build/lab1/lab1.egg-info/requires.txt
[0.628s] writing top-level names to ../build/lab1/lab1.egg-info/top_level.txt
[0.674s] reading manifest file '../build/lab1/lab1.egg-info/SOURCES.txt'
[0.675s] writing manifest file '../build/lab1/lab1.egg-info/SOURCES.txt'
[0.676s] running build
[0.676s] running build_py
[0.676s] copying lab1/publisher.py -> /home/kamil/dev_ws/src/src/dwornik_matysek/build/lab1/build/lib/lab1
[0.676s] running install
[0.677s] running install_lib
[0.678s] copying /home/kamil/dev_ws/src/src/dwornik_matysek/build/lab1/build/lib/lab1/publisher.py -> /home/kamil/dev_ws/src/src/dwornik_matysek/install/lab1/lib/python3.8/site-packages/lab1
[0.679s] byte-compiling /home/kamil/dev_ws/src/src/dwornik_matysek/install/lab1/lib/python3.8/site-packages/lab1/publisher.py to publisher.cpython-38.pyc
[0.681s] running install_data
[0.682s] running install_egg_info
[0.683s] removing '/home/kamil/dev_ws/src/src/dwornik_matysek/install/lab1/lib/python3.8/site-packages/lab1-0.0.0-py3.8.egg-info' (and everything under it)
[0.684s] Copying ../build/lab1/lab1.egg-info to /home/kamil/dev_ws/src/src/dwornik_matysek/install/lab1/lib/python3.8/site-packages/lab1-0.0.0-py3.8.egg-info
[0.685s] running install_scripts
[0.707s] Installing publisher script to /home/kamil/dev_ws/src/src/dwornik_matysek/install/lab1/lib/lab1
[0.707s] writing list of installed files to '/home/kamil/dev_ws/src/src/dwornik_matysek/build/lab1/install.log'
[0.737s] Invoked command in '/home/kamil/dev_ws/src/src/dwornik_matysek/lab1' returned '0': PYTHONPATH=/home/kamil/dev_ws/src/src/dwornik_matysek/install/lab1/lib/python3.8/site-packages:${PYTHONPATH} /usr/bin/python3 setup.py egg_info --egg-base ../build/lab1 build --build-base /home/kamil/dev_ws/src/src/dwornik_matysek/build/lab1/build install --prefix /home/kamil/dev_ws/src/src/dwornik_matysek/install/lab1 --record /home/kamil/dev_ws/src/src/dwornik_matysek/build/lab1/install.log --single-version-externally-managed
