running egg_info
creating ../build/lab1/lab1.egg-info
writing ../build/lab1/lab1.egg-info/PKG-INFO
writing dependency_links to ../build/lab1/lab1.egg-info/dependency_links.txt
writing entry points to ../build/lab1/lab1.egg-info/entry_points.txt
writing requirements to ../build/lab1/lab1.egg-info/requires.txt
writing top-level names to ../build/lab1/lab1.egg-info/top_level.txt
writing manifest file '../build/lab1/lab1.egg-info/SOURCES.txt'
reading manifest file '../build/lab1/lab1.egg-info/SOURCES.txt'
writing manifest file '../build/lab1/lab1.egg-info/SOURCES.txt'
running build
running build_py
creating /home/kamil/dev_ws/src/src/dwornik_matysek/build/lab1/build
creating /home/kamil/dev_ws/src/src/dwornik_matysek/build/lab1/build/lib
creating /home/kamil/dev_ws/src/src/dwornik_matysek/build/lab1/build/lib/lab1
copying lab1/__init__.py -> /home/kamil/dev_ws/src/src/dwornik_matysek/build/lab1/build/lib/lab1
copying lab1/publisher.py -> /home/kamil/dev_ws/src/src/dwornik_matysek/build/lab1/build/lib/lab1
running install
running install_lib
creating /home/kamil/dev_ws/src/src/dwornik_matysek/install/lab1/lib/python3.8/site-packages/lab1
copying /home/kamil/dev_ws/src/src/dwornik_matysek/build/lab1/build/lib/lab1/__init__.py -> /home/kamil/dev_ws/src/src/dwornik_matysek/install/lab1/lib/python3.8/site-packages/lab1
copying /home/kamil/dev_ws/src/src/dwornik_matysek/build/lab1/build/lib/lab1/publisher.py -> /home/kamil/dev_ws/src/src/dwornik_matysek/install/lab1/lib/python3.8/site-packages/lab1
byte-compiling /home/kamil/dev_ws/src/src/dwornik_matysek/install/lab1/lib/python3.8/site-packages/lab1/__init__.py to __init__.cpython-38.pyc
byte-compiling /home/kamil/dev_ws/src/src/dwornik_matysek/install/lab1/lib/python3.8/site-packages/lab1/publisher.py to publisher.cpython-38.pyc
running install_data
creating /home/kamil/dev_ws/src/src/dwornik_matysek/install/lab1/share/ament_index
creating /home/kamil/dev_ws/src/src/dwornik_matysek/install/lab1/share/ament_index/resource_index
creating /home/kamil/dev_ws/src/src/dwornik_matysek/install/lab1/share/ament_index/resource_index/packages
copying resource/lab1 -> /home/kamil/dev_ws/src/src/dwornik_matysek/install/lab1/share/ament_index/resource_index/packages
copying package.xml -> /home/kamil/dev_ws/src/src/dwornik_matysek/install/lab1/share/lab1
running install_egg_info
Copying ../build/lab1/lab1.egg-info to /home/kamil/dev_ws/src/src/dwornik_matysek/install/lab1/lib/python3.8/site-packages/lab1-0.0.0-py3.8.egg-info
running install_scripts
Installing publisher script to /home/kamil/dev_ws/src/src/dwornik_matysek/install/lab1/lib/lab1
writing list of installed files to '/home/kamil/dev_ws/src/src/dwornik_matysek/build/lab1/install.log'
